<?xml version="1.0" encoding="UTF-8"?>
<!-- Generated by org.testng.reporters.JUnitReportReporter -->
<testsuite skipped="0" hostname="DESKTOP-SH3HIOG" name="com.qa.automation.tests.RegisterPageTest" tests="1" failures="0" timestamp="2020-02-23T21:01:58 IST" time="26.499" errors="0">
  <testcase name="registerUser" time="26.499" classname="com.qa.automation.tests.RegisterPageTest"/>
</testsuite> <!-- com.qa.automation.tests.RegisterPageTest -->
