<?xml version="1.0" encoding="UTF-8"?>
<!-- Generated by org.testng.reporters.JUnitReportReporter -->
<testsuite skipped="0" hostname="DESKTOP-SH3HIOG" name="com.qa.automation.tests.LoginPageTest" tests="2" failures="0" timestamp="2020-02-23T07:46:10 IST" time="4.780" errors="0">
  <testcase name="createAccountTest" time="3.162" classname="com.qa.automation.tests.LoginPageTest"/>
  <testcase name="signIn" time="1.618" classname="com.qa.automation.tests.LoginPageTest"/>
</testsuite> <!-- com.qa.automation.tests.LoginPageTest -->
