<?xml version="1.0" encoding="UTF-8"?>
<!-- Generated by org.testng.reporters.JUnitReportReporter -->
<testsuite skipped="0" hostname="DESKTOP-SH3HIOG" name="com.qa.automation.tests.CategoryPageTest" tests="1" failures="0" timestamp="2020-02-23T20:59:20 IST" time="45.894" errors="0">
  <testcase name="addProduct" time="45.894" classname="com.qa.automation.tests.CategoryPageTest"/>
</testsuite> <!-- com.qa.automation.tests.CategoryPageTest -->
